Analysis & Synthesis report for Calculadora
Tue Jul 11 16:27:12 2023
Quartus Prime Version 21.1.0 Build 842 10/21/2021 SJ Lite Edition


---------------------
; Table of Contents ;
---------------------
  1. Legal Notice
  2. Analysis & Synthesis Summary
  3. Analysis & Synthesis Settings
  4. Parallel Compilation
  5. Analysis & Synthesis Source Files Read
  6. Analysis & Synthesis Resource Usage Summary
  7. Analysis & Synthesis Resource Utilization by Entity
  8. General Register Statistics
  9. Multiplexer Restructuring Statistics (Restructuring Performed)
 10. Post-Synthesis Netlist Statistics for Top Partition
 11. Elapsed Time Per Partition
 12. Analysis & Synthesis Messages



----------------
; Legal Notice ;
----------------
Copyright (C) 2021  Intel Corporation. All rights reserved.
Your use of Intel Corporation's design tools, logic functions 
and other software and tools, and any partner logic 
functions, and any output files from any of the foregoing 
(including device programming or simulation files), and any 
associated documentation or information are expressly subject 
to the terms and conditions of the Intel Program License 
Subscription Agreement, the Intel Quartus Prime License Agreement,
the Intel FPGA IP License Agreement, or other applicable license
agreement, including, without limitation, that your use is for
the sole purpose of programming logic devices manufactured by
Intel and sold by Intel or its authorized distributors.  Please
refer to the applicable agreement for further details, at
https://fpgasoftware.intel.com/eula.



+-------------------------------------------------------------------------------+
; Analysis & Synthesis Summary                                                  ;
+---------------------------------+---------------------------------------------+
; Analysis & Synthesis Status     ; Successful - Tue Jul 11 16:27:12 2023       ;
; Quartus Prime Version           ; 21.1.0 Build 842 10/21/2021 SJ Lite Edition ;
; Revision Name                   ; Calculadora                                 ;
; Top-level Entity Name           ; Calculadora                                 ;
; Family                          ; Cyclone V                                   ;
; Logic utilization (in ALMs)     ; N/A                                         ;
; Total registers                 ; 0                                           ;
; Total pins                      ; 63                                          ;
; Total virtual pins              ; 0                                           ;
; Total block memory bits         ; 0                                           ;
; Total DSP Blocks                ; 0                                           ;
; Total HSSI RX PCSs              ; 0                                           ;
; Total HSSI PMA RX Deserializers ; 0                                           ;
; Total HSSI TX PCSs              ; 0                                           ;
; Total HSSI PMA TX Serializers   ; 0                                           ;
; Total PLLs                      ; 0                                           ;
; Total DLLs                      ; 0                                           ;
+---------------------------------+---------------------------------------------+


+---------------------------------------------------------------------------------------------------------------------------+
; Analysis & Synthesis Settings                                                                                             ;
+---------------------------------------------------------------------------------+--------------------+--------------------+
; Option                                                                          ; Setting            ; Default Value      ;
+---------------------------------------------------------------------------------+--------------------+--------------------+
; Device                                                                          ; 5CEBA4F23C7        ;                    ;
; Top-level entity name                                                           ; Calculadora        ; Calculadora        ;
; Family name                                                                     ; Cyclone V          ; Cyclone V          ;
; Use smart compilation                                                           ; Off                ; Off                ;
; Enable parallel Assembler and Timing Analyzer during compilation                ; On                 ; On                 ;
; Enable compact report table                                                     ; Off                ; Off                ;
; Restructure Multiplexers                                                        ; Auto               ; Auto               ;
; MLAB Add Timing Constraints For Mixed-Port Feed-Through Mode Setting Don't Care ; Off                ; Off                ;
; Create Debugging Nodes for IP Cores                                             ; Off                ; Off                ;
; Preserve fewer node names                                                       ; On                 ; On                 ;
; Intel FPGA IP Evaluation Mode                                                   ; Enable             ; Enable             ;
; Verilog Version                                                                 ; Verilog_2001       ; Verilog_2001       ;
; VHDL Version                                                                    ; VHDL_1993          ; VHDL_1993          ;
; State Machine Processing                                                        ; Auto               ; Auto               ;
; Safe State Machine                                                              ; Off                ; Off                ;
; Extract Verilog State Machines                                                  ; On                 ; On                 ;
; Extract VHDL State Machines                                                     ; On                 ; On                 ;
; Ignore Verilog initial constructs                                               ; Off                ; Off                ;
; Iteration limit for constant Verilog loops                                      ; 5000               ; 5000               ;
; Iteration limit for non-constant Verilog loops                                  ; 250                ; 250                ;
; Add Pass-Through Logic to Inferred RAMs                                         ; On                 ; On                 ;
; Infer RAMs from Raw Logic                                                       ; On                 ; On                 ;
; Parallel Synthesis                                                              ; On                 ; On                 ;
; DSP Block Balancing                                                             ; Auto               ; Auto               ;
; NOT Gate Push-Back                                                              ; On                 ; On                 ;
; Power-Up Don't Care                                                             ; On                 ; On                 ;
; Remove Redundant Logic Cells                                                    ; Off                ; Off                ;
; Remove Duplicate Registers                                                      ; On                 ; On                 ;
; Ignore CARRY Buffers                                                            ; Off                ; Off                ;
; Ignore CASCADE Buffers                                                          ; Off                ; Off                ;
; Ignore GLOBAL Buffers                                                           ; Off                ; Off                ;
; Ignore ROW GLOBAL Buffers                                                       ; Off                ; Off                ;
; Ignore LCELL Buffers                                                            ; Off                ; Off                ;
; Ignore SOFT Buffers                                                             ; On                 ; On                 ;
; Limit AHDL Integers to 32 Bits                                                  ; Off                ; Off                ;
; Optimization Technique                                                          ; Balanced           ; Balanced           ;
; Carry Chain Length                                                              ; 70                 ; 70                 ;
; Auto Carry Chains                                                               ; On                 ; On                 ;
; Auto Open-Drain Pins                                                            ; On                 ; On                 ;
; Perform WYSIWYG Primitive Resynthesis                                           ; Off                ; Off                ;
; Auto ROM Replacement                                                            ; On                 ; On                 ;
; Auto RAM Replacement                                                            ; On                 ; On                 ;
; Auto DSP Block Replacement                                                      ; On                 ; On                 ;
; Auto Shift Register Replacement                                                 ; Auto               ; Auto               ;
; Allow Shift Register Merging across Hierarchies                                 ; Auto               ; Auto               ;
; Auto Clock Enable Replacement                                                   ; On                 ; On                 ;
; Strict RAM Replacement                                                          ; Off                ; Off                ;
; Allow Synchronous Control Signals                                               ; On                 ; On                 ;
; Force Use of Synchronous Clear Signals                                          ; Off                ; Off                ;
; Auto Resource Sharing                                                           ; Off                ; Off                ;
; Allow Any RAM Size For Recognition                                              ; Off                ; Off                ;
; Allow Any ROM Size For Recognition                                              ; Off                ; Off                ;
; Allow Any Shift Register Size For Recognition                                   ; Off                ; Off                ;
; Use LogicLock Constraints during Resource Balancing                             ; On                 ; On                 ;
; Ignore translate_off and synthesis_off directives                               ; Off                ; Off                ;
; Timing-Driven Synthesis                                                         ; On                 ; On                 ;
; Report Parameter Settings                                                       ; On                 ; On                 ;
; Report Source Assignments                                                       ; On                 ; On                 ;
; Report Connectivity Checks                                                      ; On                 ; On                 ;
; Ignore Maximum Fan-Out Assignments                                              ; Off                ; Off                ;
; Synchronization Register Chain Length                                           ; 3                  ; 3                  ;
; Power Optimization During Synthesis                                             ; Normal compilation ; Normal compilation ;
; HDL message level                                                               ; Level2             ; Level2             ;
; Suppress Register Optimization Related Messages                                 ; Off                ; Off                ;
; Number of Removed Registers Reported in Synthesis Report                        ; 5000               ; 5000               ;
; Number of Swept Nodes Reported in Synthesis Report                              ; 5000               ; 5000               ;
; Number of Inverted Registers Reported in Synthesis Report                       ; 100                ; 100                ;
; Clock MUX Protection                                                            ; On                 ; On                 ;
; Auto Gated Clock Conversion                                                     ; Off                ; Off                ;
; Block Design Naming                                                             ; Auto               ; Auto               ;
; SDC constraint protection                                                       ; Off                ; Off                ;
; Synthesis Effort                                                                ; Auto               ; Auto               ;
; Shift Register Replacement - Allow Asynchronous Clear Signal                    ; On                 ; On                 ;
; Pre-Mapping Resynthesis Optimization                                            ; Off                ; Off                ;
; Analysis & Synthesis Message Level                                              ; Medium             ; Medium             ;
; Disable Register Merging Across Hierarchies                                     ; Auto               ; Auto               ;
; Resource Aware Inference For Block RAM                                          ; On                 ; On                 ;
; Automatic Parallel Synthesis                                                    ; On                 ; On                 ;
; Partial Reconfiguration Bitstream ID                                            ; Off                ; Off                ;
+---------------------------------------------------------------------------------+--------------------+--------------------+


+------------------------------------------+
; Parallel Compilation                     ;
+----------------------------+-------------+
; Processors                 ; Number      ;
+----------------------------+-------------+
; Number detected on machine ; 4           ;
; Maximum allowed            ; 4           ;
;                            ;             ;
; Average used               ; 1.00        ;
; Maximum used               ; 1           ;
;                            ;             ;
; Usage by Processor         ; % Time Used ;
;     Processor 1            ; 100.0%      ;
+----------------------------+-------------+


+------------------------------------------------------------------------------------------------------------------------------------------------------------------+
; Analysis & Synthesis Source Files Read                                                                                                                           ;
+----------------------------------+-----------------+------------------------------------------+--------------------------------------------------------+---------+
; File Name with User-Entered Path ; Used in Netlist ; File Type                                ; File Name with Absolute Path                           ; Library ;
+----------------------------------+-----------------+------------------------------------------+--------------------------------------------------------+---------+
; Calculadora.bdf                  ; yes             ; User Block Diagram/Schematic File        ; C:/Users/14609637/Desktop/Calculadora/Calculadora.bdf  ;         ;
; display7seg.bdf                  ; yes             ; Auto-Found Block Diagram/Schematic File  ; C:/Users/14609637/Desktop/Calculadora/display7seg.bdf  ;         ;
; raiz.bdf                         ; yes             ; Auto-Found Block Diagram/Schematic File  ; C:/Users/14609637/Desktop/Calculadora/raiz.bdf         ;         ;
; csm.bdf                          ; yes             ; Auto-Found Block Diagram/Schematic File  ; C:/Users/14609637/Desktop/Calculadora/csm.bdf          ;         ;
; subtrator.bdf                    ; yes             ; Auto-Found Block Diagram/Schematic File  ; C:/Users/14609637/Desktop/Calculadora/subtrator.bdf    ;         ;
; mux.bdf                          ; yes             ; Auto-Found Block Diagram/Schematic File  ; C:/Users/14609637/Desktop/Calculadora/mux.bdf          ;         ;
; subsum.bdf                       ; yes             ; Auto-Found Block Diagram/Schematic File  ; C:/Users/14609637/Desktop/Calculadora/subsum.bdf       ;         ;
; somador.bdf                      ; yes             ; Auto-Found Block Diagram/Schematic File  ; C:/Users/14609637/Desktop/Calculadora/somador.bdf      ;         ;
; full.bdf                         ; yes             ; Auto-Found Block Diagram/Schematic File  ; C:/Users/14609637/Desktop/Calculadora/full.bdf         ;         ;
; toc2.bdf                         ; yes             ; Auto-Found Block Diagram/Schematic File  ; C:/Users/14609637/Desktop/Calculadora/toc2.bdf         ;         ;
; tonormal.bdf                     ; yes             ; Auto-Found Block Diagram/Schematic File  ; C:/Users/14609637/Desktop/Calculadora/tonormal.bdf     ;         ;
; mutiplicador.bdf                 ; yes             ; Auto-Found Block Diagram/Schematic File  ; C:/Users/14609637/Desktop/Calculadora/mutiplicador.bdf ;         ;
; divisor.bdf                      ; yes             ; Auto-Found Block Diagram/Schematic File  ; C:/Users/14609637/Desktop/Calculadora/divisor.bdf      ;         ;
; comparador.bdf                   ; yes             ; Auto-Found Block Diagram/Schematic File  ; C:/Users/14609637/Desktop/Calculadora/comparador.bdf   ;         ;
; signal.bdf                       ; yes             ; Auto-Found Block Diagram/Schematic File  ; C:/Users/14609637/Desktop/Calculadora/signal.bdf       ;         ;
; compt1bit.bdf                    ; yes             ; Auto-Found Block Diagram/Schematic File  ; C:/Users/14609637/Desktop/Calculadora/compt1bit.bdf    ;         ;
+----------------------------------+-----------------+------------------------------------------+--------------------------------------------------------+---------+


+--------------------------------------------------------+
; Analysis & Synthesis Resource Usage Summary            ;
+---------------------------------------------+----------+
; Resource                                    ; Usage    ;
+---------------------------------------------+----------+
; Estimate of Logic utilization (ALMs needed) ; 101      ;
;                                             ;          ;
; Combinational ALUT usage for logic          ; 153      ;
;     -- 7 input functions                    ; 1        ;
;     -- 6 input functions                    ; 47       ;
;     -- 5 input functions                    ; 31       ;
;     -- 4 input functions                    ; 46       ;
;     -- <=3 input functions                  ; 28       ;
;                                             ;          ;
; Dedicated logic registers                   ; 0        ;
;                                             ;          ;
; I/O pins                                    ; 63       ;
;                                             ;          ;
; Total DSP Blocks                            ; 0        ;
;                                             ;          ;
; Maximum fan-out node                        ; y0~input ;
; Maximum fan-out                             ; 45       ;
; Total fan-out                               ; 809      ;
; Average fan-out                             ; 2.90     ;
+---------------------------------------------+----------+


+------------------------------------------------------------------------------------------------------------------------------------------------------------------------------------------------------------------------------------------+
; Analysis & Synthesis Resource Utilization by Entity                                                                                                                                                                                      ;
+-------------------------------+---------------------+---------------------------+-------------------+------------+------+--------------+-------------------------------------------------------------------+--------------+--------------+
; Compilation Hierarchy Node    ; Combinational ALUTs ; Dedicated Logic Registers ; Block Memory Bits ; DSP Blocks ; Pins ; Virtual Pins ; Full Hierarchy Name                                               ; Entity Name  ; Library Name ;
+-------------------------------+---------------------+---------------------------+-------------------+------------+------+--------------+-------------------------------------------------------------------+--------------+--------------+
; |Calculadora                  ; 153 (18)            ; 0 (0)                     ; 0                 ; 0          ; 63   ; 0            ; |Calculadora                                                      ; Calculadora  ; work         ;
;    |comparador:inst47|        ; 7 (6)               ; 0 (0)                     ; 0                 ; 0          ; 0    ; 0            ; |Calculadora|comparador:inst47                                    ; comparador   ; work         ;
;       |compt1bit:c1|          ; 1 (1)               ; 0 (0)                     ; 0                 ; 0          ; 0    ; 0            ; |Calculadora|comparador:inst47|compt1bit:c1                       ; compt1bit    ; work         ;
;    |display7seg:displayy|     ; 7 (7)               ; 0 (0)                     ; 0                 ; 0          ; 0    ; 0            ; |Calculadora|display7seg:displayy                                 ; display7seg  ; work         ;
;    |display7seg:hex2|         ; 7 (7)               ; 0 (0)                     ; 0                 ; 0          ; 0    ; 0            ; |Calculadora|display7seg:hex2                                     ; display7seg  ; work         ;
;    |display7seg:hex3|         ; 3 (3)               ; 0 (0)                     ; 0                 ; 0          ; 0    ; 0            ; |Calculadora|display7seg:hex3                                     ; display7seg  ; work         ;
;    |display7seg:hex4|         ; 7 (7)               ; 0 (0)                     ; 0                 ; 0          ; 0    ; 0            ; |Calculadora|display7seg:hex4                                     ; display7seg  ; work         ;
;    |display7seg:hex5|         ; 7 (7)               ; 0 (0)                     ; 0                 ; 0          ; 0    ; 0            ; |Calculadora|display7seg:hex5                                     ; display7seg  ; work         ;
;    |display7seg:inst7|        ; 7 (7)               ; 0 (0)                     ; 0                 ; 0          ; 0    ; 0            ; |Calculadora|display7seg:inst7                                    ; display7seg  ; work         ;
;    |divisor:inst3|            ; 16 (0)              ; 0 (0)                     ; 0                 ; 0          ; 0    ; 0            ; |Calculadora|divisor:inst3                                        ; divisor      ; work         ;
;       |csm:inst13|            ; 1 (0)               ; 0 (0)                     ; 0                 ; 0          ; 0    ; 0            ; |Calculadora|divisor:inst3|csm:inst13                             ; csm          ; work         ;
;          |subtrator:inst|     ; 1 (1)               ; 0 (0)                     ; 0                 ; 0          ; 0    ; 0            ; |Calculadora|divisor:inst3|csm:inst13|subtrator:inst              ; subtrator    ; work         ;
;       |csm:inst23|            ; 1 (1)               ; 0 (0)                     ; 0                 ; 0          ; 0    ; 0            ; |Calculadora|divisor:inst3|csm:inst23                             ; csm          ; work         ;
;       |csm:inst24|            ; 1 (1)               ; 0 (0)                     ; 0                 ; 0          ; 0    ; 0            ; |Calculadora|divisor:inst3|csm:inst24                             ; csm          ; work         ;
;       |csm:inst25|            ; 1 (1)               ; 0 (0)                     ; 0                 ; 0          ; 0    ; 0            ; |Calculadora|divisor:inst3|csm:inst25                             ; csm          ; work         ;
;       |csm:inst26|            ; 3 (3)               ; 0 (0)                     ; 0                 ; 0          ; 0    ; 0            ; |Calculadora|divisor:inst3|csm:inst26                             ; csm          ; work         ;
;       |csm:inst28|            ; 3 (0)               ; 0 (0)                     ; 0                 ; 0          ; 0    ; 0            ; |Calculadora|divisor:inst3|csm:inst28                             ; csm          ; work         ;
;          |subtrator:inst|     ; 3 (3)               ; 0 (0)                     ; 0                 ; 0          ; 0    ; 0            ; |Calculadora|divisor:inst3|csm:inst28|subtrator:inst              ; subtrator    ; work         ;
;       |csm:inst29|            ; 2 (0)               ; 0 (0)                     ; 0                 ; 0          ; 0    ; 0            ; |Calculadora|divisor:inst3|csm:inst29                             ; csm          ; work         ;
;          |subtrator:inst|     ; 2 (2)               ; 0 (0)                     ; 0                 ; 0          ; 0    ; 0            ; |Calculadora|divisor:inst3|csm:inst29|subtrator:inst              ; subtrator    ; work         ;
;       |csm:inst31|            ; 1 (0)               ; 0 (0)                     ; 0                 ; 0          ; 0    ; 0            ; |Calculadora|divisor:inst3|csm:inst31                             ; csm          ; work         ;
;          |subtrator:inst|     ; 1 (1)               ; 0 (0)                     ; 0                 ; 0          ; 0    ; 0            ; |Calculadora|divisor:inst3|csm:inst31|subtrator:inst              ; subtrator    ; work         ;
;       |csm:inst32|            ; 2 (0)               ; 0 (0)                     ; 0                 ; 0          ; 0    ; 0            ; |Calculadora|divisor:inst3|csm:inst32                             ; csm          ; work         ;
;          |subtrator:inst|     ; 2 (2)               ; 0 (0)                     ; 0                 ; 0          ; 0    ; 0            ; |Calculadora|divisor:inst3|csm:inst32|subtrator:inst              ; subtrator    ; work         ;
;       |csm:inst7|             ; 1 (1)               ; 0 (0)                     ; 0                 ; 0          ; 0    ; 0            ; |Calculadora|divisor:inst3|csm:inst7                              ; csm          ; work         ;
;    |mutiplicador:ldskfii2314| ; 14 (2)              ; 0 (0)                     ; 0                 ; 0          ; 0    ; 0            ; |Calculadora|mutiplicador:ldskfii2314                             ; mutiplicador ; work         ;
;       |full:inst16|           ; 1 (1)               ; 0 (0)                     ; 0                 ; 0          ; 0    ; 0            ; |Calculadora|mutiplicador:ldskfii2314|full:inst16                 ; full         ; work         ;
;       |full:inst18|           ; 2 (2)               ; 0 (0)                     ; 0                 ; 0          ; 0    ; 0            ; |Calculadora|mutiplicador:ldskfii2314|full:inst18                 ; full         ; work         ;
;       |full:inst19|           ; 1 (1)               ; 0 (0)                     ; 0                 ; 0          ; 0    ; 0            ; |Calculadora|mutiplicador:ldskfii2314|full:inst19                 ; full         ; work         ;
;       |full:inst20|           ; 2 (2)               ; 0 (0)                     ; 0                 ; 0          ; 0    ; 0            ; |Calculadora|mutiplicador:ldskfii2314|full:inst20                 ; full         ; work         ;
;       |full:inst21|           ; 2 (2)               ; 0 (0)                     ; 0                 ; 0          ; 0    ; 0            ; |Calculadora|mutiplicador:ldskfii2314|full:inst21                 ; full         ; work         ;
;       |full:inst22|           ; 1 (1)               ; 0 (0)                     ; 0                 ; 0          ; 0    ; 0            ; |Calculadora|mutiplicador:ldskfii2314|full:inst22                 ; full         ; work         ;
;       |full:inst23|           ; 2 (2)               ; 0 (0)                     ; 0                 ; 0          ; 0    ; 0            ; |Calculadora|mutiplicador:ldskfii2314|full:inst23                 ; full         ; work         ;
;       |full:inst25|           ; 1 (1)               ; 0 (0)                     ; 0                 ; 0          ; 0    ; 0            ; |Calculadora|mutiplicador:ldskfii2314|full:inst25                 ; full         ; work         ;
;    |mux:mux|                  ; 26 (26)             ; 0 (0)                     ; 0                 ; 0          ; 0    ; 0            ; |Calculadora|mux:mux                                              ; mux          ; work         ;
;    |raiz:inst2|               ; 10 (0)              ; 0 (0)                     ; 0                 ; 0          ; 0    ; 0            ; |Calculadora|raiz:inst2                                           ; raiz         ; work         ;
;       |csm:csm123|            ; 1 (1)               ; 0 (0)                     ; 0                 ; 0          ; 0    ; 0            ; |Calculadora|raiz:inst2|csm:csm123                                ; csm          ; work         ;
;       |csm:csm12|             ; 1 (0)               ; 0 (0)                     ; 0                 ; 0          ; 0    ; 0            ; |Calculadora|raiz:inst2|csm:csm12                                 ; csm          ; work         ;
;          |subtrator:inst|     ; 1 (1)               ; 0 (0)                     ; 0                 ; 0          ; 0    ; 0            ; |Calculadora|raiz:inst2|csm:csm12|subtrator:inst                  ; subtrator    ; work         ;
;       |csm:csm13|             ; 3 (0)               ; 0 (0)                     ; 0                 ; 0          ; 0    ; 0            ; |Calculadora|raiz:inst2|csm:csm13                                 ; csm          ; work         ;
;          |subtrator:inst|     ; 3 (3)               ; 0 (0)                     ; 0                 ; 0          ; 0    ; 0            ; |Calculadora|raiz:inst2|csm:csm13|subtrator:inst                  ; subtrator    ; work         ;
;       |csm:csm15|             ; 1 (0)               ; 0 (0)                     ; 0                 ; 0          ; 0    ; 0            ; |Calculadora|raiz:inst2|csm:csm15                                 ; csm          ; work         ;
;          |subtrator:inst|     ; 1 (1)               ; 0 (0)                     ; 0                 ; 0          ; 0    ; 0            ; |Calculadora|raiz:inst2|csm:csm15|subtrator:inst                  ; subtrator    ; work         ;
;       |csm:csm8|              ; 1 (0)               ; 0 (0)                     ; 0                 ; 0          ; 0    ; 0            ; |Calculadora|raiz:inst2|csm:csm8                                  ; csm          ; work         ;
;          |subtrator:inst|     ; 1 (1)               ; 0 (0)                     ; 0                 ; 0          ; 0    ; 0            ; |Calculadora|raiz:inst2|csm:csm8|subtrator:inst                   ; subtrator    ; work         ;
;       |csm:inst17|            ; 1 (0)               ; 0 (0)                     ; 0                 ; 0          ; 0    ; 0            ; |Calculadora|raiz:inst2|csm:inst17                                ; csm          ; work         ;
;          |subtrator:inst|     ; 1 (1)               ; 0 (0)                     ; 0                 ; 0          ; 0    ; 0            ; |Calculadora|raiz:inst2|csm:inst17|subtrator:inst                 ; subtrator    ; work         ;
;       |csm:inst6|             ; 1 (1)               ; 0 (0)                     ; 0                 ; 0          ; 0    ; 0            ; |Calculadora|raiz:inst2|csm:inst6                                 ; csm          ; work         ;
;       |csm:inst9|             ; 1 (1)               ; 0 (0)                     ; 0                 ; 0          ; 0    ; 0            ; |Calculadora|raiz:inst2|csm:inst9                                 ; csm          ; work         ;
;    |subsum:inst18|            ; 24 (4)              ; 0 (0)                     ; 0                 ; 0          ; 0    ; 0            ; |Calculadora|subsum:inst18                                        ; subsum       ; work         ;
;       |somador:inst10|        ; 3 (0)               ; 0 (0)                     ; 0                 ; 0          ; 0    ; 0            ; |Calculadora|subsum:inst18|somador:inst10                         ; somador      ; work         ;
;          |full:1|             ; 3 (3)               ; 0 (0)                     ; 0                 ; 0          ; 0    ; 0            ; |Calculadora|subsum:inst18|somador:inst10|full:1                  ; full         ; work         ;
;       |somador:tox2333|       ; 2 (0)               ; 0 (0)                     ; 0                 ; 0          ; 0    ; 0            ; |Calculadora|subsum:inst18|somador:tox2333                        ; somador      ; work         ;
;          |full:0|             ; 1 (1)               ; 0 (0)                     ; 0                 ; 0          ; 0    ; 0            ; |Calculadora|subsum:inst18|somador:tox2333|full:0                 ; full         ; work         ;
;          |full:2|             ; 1 (1)               ; 0 (0)                     ; 0                 ; 0          ; 0    ; 0            ; |Calculadora|subsum:inst18|somador:tox2333|full:2                 ; full         ; work         ;
;       |toc2:toc21|            ; 1 (0)               ; 0 (0)                     ; 0                 ; 0          ; 0    ; 0            ; |Calculadora|subsum:inst18|toc2:toc21                             ; toc2         ; work         ;
;          |somador:inst5|      ; 1 (0)               ; 0 (0)                     ; 0                 ; 0          ; 0    ; 0            ; |Calculadora|subsum:inst18|toc2:toc21|somador:inst5               ; somador      ; work         ;
;             |full:2|          ; 1 (1)               ; 0 (0)                     ; 0                 ; 0          ; 0    ; 0            ; |Calculadora|subsum:inst18|toc2:toc21|somador:inst5|full:2        ; full         ; work         ;
;       |toc2:toc22|            ; 5 (0)               ; 0 (0)                     ; 0                 ; 0          ; 0    ; 0            ; |Calculadora|subsum:inst18|toc2:toc22                             ; toc2         ; work         ;
;          |full:inst9|         ; 1 (1)               ; 0 (0)                     ; 0                 ; 0          ; 0    ; 0            ; |Calculadora|subsum:inst18|toc2:toc22|full:inst9                  ; full         ; work         ;
;          |somador:inst5|      ; 4 (0)               ; 0 (0)                     ; 0                 ; 0          ; 0    ; 0            ; |Calculadora|subsum:inst18|toc2:toc22|somador:inst5               ; somador      ; work         ;
;             |full:1|          ; 1 (1)               ; 0 (0)                     ; 0                 ; 0          ; 0    ; 0            ; |Calculadora|subsum:inst18|toc2:toc22|somador:inst5|full:1        ; full         ; work         ;
;             |full:2|          ; 2 (2)               ; 0 (0)                     ; 0                 ; 0          ; 0    ; 0            ; |Calculadora|subsum:inst18|toc2:toc22|somador:inst5|full:2        ; full         ; work         ;
;             |full:3|          ; 1 (1)               ; 0 (0)                     ; 0                 ; 0          ; 0    ; 0            ; |Calculadora|subsum:inst18|toc2:toc22|somador:inst5|full:3        ; full         ; work         ;
;       |tonormal:tonormal|     ; 9 (4)               ; 0 (0)                     ; 0                 ; 0          ; 0    ; 0            ; |Calculadora|subsum:inst18|tonormal:tonormal                      ; tonormal     ; work         ;
;          |full:inst9|         ; 1 (1)               ; 0 (0)                     ; 0                 ; 0          ; 0    ; 0            ; |Calculadora|subsum:inst18|tonormal:tonormal|full:inst9           ; full         ; work         ;
;          |somador:inst5|      ; 4 (0)               ; 0 (0)                     ; 0                 ; 0          ; 0    ; 0            ; |Calculadora|subsum:inst18|tonormal:tonormal|somador:inst5        ; somador      ; work         ;
;             |full:1|          ; 2 (2)               ; 0 (0)                     ; 0                 ; 0          ; 0    ; 0            ; |Calculadora|subsum:inst18|tonormal:tonormal|somador:inst5|full:1 ; full         ; work         ;
;             |full:2|          ; 2 (2)               ; 0 (0)                     ; 0                 ; 0          ; 0    ; 0            ; |Calculadora|subsum:inst18|tonormal:tonormal|somador:inst5|full:2 ; full         ; work         ;
+-------------------------------+---------------------+---------------------------+-------------------+------------+------+--------------+-------------------------------------------------------------------+--------------+--------------+
Note: For table entries with two numbers listed, the numbers in parentheses indicate the number of resources of the given type used by the specific entity alone. The numbers listed outside of parentheses indicate the total resources of the given type used by the specific entity and all of its sub-entities in the hierarchy.


+------------------------------------------------------+
; General Register Statistics                          ;
+----------------------------------------------+-------+
; Statistic                                    ; Value ;
+----------------------------------------------+-------+
; Total registers                              ; 0     ;
; Number of registers using Synchronous Clear  ; 0     ;
; Number of registers using Synchronous Load   ; 0     ;
; Number of registers using Asynchronous Clear ; 0     ;
; Number of registers using Asynchronous Load  ; 0     ;
; Number of registers using Clock Enable       ; 0     ;
; Number of registers using Preset             ; 0     ;
+----------------------------------------------+-------+


+------------------------------------------------------------------------------------------------------------------------------------------+
; Multiplexer Restructuring Statistics (Restructuring Performed)                                                                           ;
+--------------------+-----------+---------------+----------------------+------------------------+------------+----------------------------+
; Multiplexer Inputs ; Bus Width ; Baseline Area ; Area if Restructured ; Saving if Restructured ; Registered ; Example Multiplexer Output ;
+--------------------+-----------+---------------+----------------------+------------------------+------------+----------------------------+
; 3:1                ; 4 bits    ; 8 LEs         ; 8 LEs                ; 0 LEs                  ; No         ; |Calculadora|inst23        ;
+--------------------+-----------+---------------+----------------------+------------------------+------------+----------------------------+


+-----------------------------------------------------+
; Post-Synthesis Netlist Statistics for Top Partition ;
+-----------------------+-----------------------------+
; Type                  ; Count                       ;
+-----------------------+-----------------------------+
; arriav_lcell_comb     ; 157                         ;
;     extend            ; 1                           ;
;         7 data inputs ; 1                           ;
;     normal            ; 156                         ;
;         0 data inputs ; 1                           ;
;         1 data inputs ; 3                           ;
;         2 data inputs ; 14                          ;
;         3 data inputs ; 14                          ;
;         4 data inputs ; 46                          ;
;         5 data inputs ; 31                          ;
;         6 data inputs ; 47                          ;
; boundary_port         ; 63                          ;
;                       ;                             ;
; Max LUT depth         ; 6.00                        ;
; Average LUT depth     ; 4.63                        ;
+-----------------------+-----------------------------+


+-------------------------------+
; Elapsed Time Per Partition    ;
+----------------+--------------+
; Partition Name ; Elapsed Time ;
+----------------+--------------+
; Top            ; 00:00:01     ;
+----------------+--------------+


+-------------------------------+
; Analysis & Synthesis Messages ;
+-------------------------------+
Info: *******************************************************************
Info: Running Quartus Prime Analysis & Synthesis
    Info: Version 21.1.0 Build 842 10/21/2021 SJ Lite Edition
    Info: Processing started: Tue Jul 11 16:27:02 2023
Info: Command: quartus_map --read_settings_files=on --write_settings_files=off Calculadora -c Calculadora
Warning (18236): Number of processors has not been specified which may cause overloading on shared machines.  Set the global assignment NUM_PARALLEL_PROCESSORS in your QSF to an appropriate value for best performance.
Info (20030): Parallel compilation is enabled and will use 4 of the 4 processors detected
Info (12021): Found 1 design units, including 1 entities, in source file calculadora.bdf
    Info (12023): Found entity 1: Calculadora
Warning (12019): Can't analyze file -- file output_files/mux.bdf is missing
Info (12127): Elaborating entity "Calculadora" for the top level hierarchy
Warning (12125): Using design file display7seg.bdf, which is not specified as a design file for the current project, but contains definitions for 1 design units and 1 entities in project
    Info (12023): Found entity 1: display7seg
Info (12128): Elaborating entity "display7seg" for hierarchy "display7seg:hex4"
Warning (275011): Block or symbol "NOT" of instance "inst59" overlaps another block or symbol
Warning (275011): Block or symbol "NOT" of instance "inst61" overlaps another block or symbol
Warning (12125): Using design file raiz.bdf, which is not specified as a design file for the current project, but contains definitions for 1 design units and 1 entities in project
    Info (12023): Found entity 1: raiz
Info (12128): Elaborating entity "raiz" for hierarchy "raiz:inst2"
Warning (12125): Using design file csm.bdf, which is not specified as a design file for the current project, but contains definitions for 1 design units and 1 entities in project
    Info (12023): Found entity 1: csm
Info (12128): Elaborating entity "csm" for hierarchy "raiz:inst2|csm:csm16"
Warning (12125): Using design file subtrator.bdf, which is not specified as a design file for the current project, but contains definitions for 1 design units and 1 entities in project
    Info (12023): Found entity 1: subtrator
Info (12128): Elaborating entity "subtrator" for hierarchy "raiz:inst2|csm:csm16|subtrator:inst"
Warning (12090): Entity "mux" obtained from "mux.bdf" instead of from Quartus Prime megafunction library
Warning (12125): Using design file mux.bdf, which is not specified as a design file for the current project, but contains definitions for 1 design units and 1 entities in project
    Info (12023): Found entity 1: mux
Info (12128): Elaborating entity "mux" for hierarchy "mux:mux"
Warning (275011): Block or symbol "AND2" of instance "inst76" overlaps another block or symbol
Warning (275011): Block or symbol "AND2" of instance "inst84" overlaps another block or symbol
Warning (12125): Using design file subsum.bdf, which is not specified as a design file for the current project, but contains definitions for 1 design units and 1 entities in project
    Info (12023): Found entity 1: subsum
Info (12128): Elaborating entity "subsum" for hierarchy "subsum:inst18"
Warning (12125): Using design file somador.bdf, which is not specified as a design file for the current project, but contains definitions for 1 design units and 1 entities in project
    Info (12023): Found entity 1: somador
Info (12128): Elaborating entity "somador" for hierarchy "subsum:inst18|somador:inst10"
Warning (12125): Using design file full.bdf, which is not specified as a design file for the current project, but contains definitions for 1 design units and 1 entities in project
    Info (12023): Found entity 1: full
Info (12128): Elaborating entity "full" for hierarchy "subsum:inst18|somador:inst10|full:0"
Warning (12125): Using design file toc2.bdf, which is not specified as a design file for the current project, but contains definitions for 1 design units and 1 entities in project
    Info (12023): Found entity 1: toc2
Info (12128): Elaborating entity "toc2" for hierarchy "subsum:inst18|toc2:toc21"
Warning (12125): Using design file tonormal.bdf, which is not specified as a design file for the current project, but contains definitions for 1 design units and 1 entities in project
    Info (12023): Found entity 1: tonormal
Info (12128): Elaborating entity "tonormal" for hierarchy "subsum:inst18|tonormal:tonormal"
Warning (12125): Using design file mutiplicador.bdf, which is not specified as a design file for the current project, but contains definitions for 1 design units and 1 entities in project
    Info (12023): Found entity 1: mutiplicador
Info (12128): Elaborating entity "mutiplicador" for hierarchy "mutiplicador:ldskfii2314"
Warning (12125): Using design file divisor.bdf, which is not specified as a design file for the current project, but contains definitions for 1 design units and 1 entities in project
    Info (12023): Found entity 1: divisor
Info (12128): Elaborating entity "divisor" for hierarchy "divisor:inst3"
Warning (12125): Using design file comparador.bdf, which is not specified as a design file for the current project, but contains definitions for 1 design units and 1 entities in project
    Info (12023): Found entity 1: comparador
Info (12128): Elaborating entity "comparador" for hierarchy "comparador:inst47"
Warning (12125): Using design file signal.bdf, which is not specified as a design file for the current project, but contains definitions for 1 design units and 1 entities in project
    Info (12023): Found entity 1: signal
Info (12128): Elaborating entity "signal" for hierarchy "comparador:inst47|signal:cvncv"
Warning (12125): Using design file compt1bit.bdf, which is not specified as a design file for the current project, but contains definitions for 1 design units and 1 entities in project
    Info (12023): Found entity 1: compt1bit
Info (12128): Elaborating entity "compt1bit" for hierarchy "comparador:inst47|compt1bit:c4"
Warning (13024): Output pins are stuck at VCC or GND
    Warning (13410): Pin "hex31" is stuck at GND
Info (286030): Timing-Driven Synthesis is running
Info (16010): Generating hard_block partition "hard_block:auto_generated_inst"
    Info (16011): Adding 0 node(s), including 0 DDIO, 0 PLL, 0 transceiver and 0 LCELL
Info (21057): Implemented 216 device resources after synthesis - the final resource count might be different
    Info (21058): Implemented 14 input pins
    Info (21059): Implemented 49 output pins
    Info (21061): Implemented 153 logic cells
Info: Quartus Prime Analysis & Synthesis was successful. 0 errors, 24 warnings
    Info: Peak virtual memory: 4823 megabytes
    Info: Processing ended: Tue Jul 11 16:27:12 2023
    Info: Elapsed time: 00:00:10
    Info: Total CPU time (on all processors): 00:00:20


